<?xml version="1.0" encoding="utf-8"?><testsuites name="pytest tests"><testsuite name="pytest" errors="0" failures="0" skipped="0" tests="6" time="0.725" timestamp="2026-05-09T15:08:50.099096+00:00" hostname="agent-env-5b2ee6f9-65aa-4553-b0e7-2b1302697cad"><testcase classname="backend.tests.backend_test.TestHealth" name="test_root" time="0.265" /><testcase classname="backend.tests.backend_test.TestContact" name="test_create_contact_persists_and_lists" time="0.106" /><testcase classname="backend.tests.backend_test.TestContact" name="test_invalid_email_returns_422" time="0.049" /><testcase classname="backend.tests.backend_test.TestContact" name="test_missing_field_returns_422" time="0.046" /><testcase classname="backend.tests.backend_test.TestContact" name="test_empty_name_rejected" time="0.044" /><testcase classname="backend.tests.backend_test.TestContactList" name="test_list_no_objectid" time="0.044" /></testsuite></testsuites>